<?xml version="1.0" encoding="UTF-8"?>
<!-- Generated by org.testng.reporters.JUnitXMLReporter -->
<testsuite hostname="LT-CHN-33875" name="Default test" tests="5" failures="0" timestamp="26 Jun 2021 03:05:26 GMT" time="12.323" errors="0">
  <testcase name="createNewUser" time="6.624" classname="TestSute.ManualEntryWithAPI"/>
  <testcase name="createNewUser" time="0.993" classname="TestSute.ManualEntryWithAPI"/>
  <testcase name="createNewUser" time="1.206" classname="TestSute.ManualEntryWithAPI"/>
  <testcase name="createNewUser" time="2.4" classname="TestSute.ManualEntryWithAPI"/>
  <testcase name="createNewUser" time="0.935" classname="TestSute.ManualEntryWithAPI"/>
</testsuite> <!-- Default test -->
