<?xml version="1.0" encoding="UTF-8"?>
<!-- Generated by org.testng.reporters.JUnitXMLReporter -->
<testsuite hostname="LT-CHN-33875" name="Default test(failed)" tests="4" failures="0" timestamp="26 Jun 2021 02:54:51 GMT" time="8.479" errors="0">
  <testcase name="createNewUser" time="4.703" classname="TestSute.ManualEntryWithAPI"/>
  <testcase name="createNewUser" time="1.194" classname="TestSute.ManualEntryWithAPI"/>
  <testcase name="createNewUser" time="1.223" classname="TestSute.ManualEntryWithAPI"/>
  <testcase name="createNewUser" time="1.122" classname="TestSute.ManualEntryWithAPI"/>
</testsuite> <!-- Default test(failed) -->
